Start auto log messages stack - Iteration 1.	[MsgId: MMSG-10545]
Starting action Action.	[MsgId: MMSG-15919]
Action.c(4): lr_think_time: 14.00 seconds.	[MsgId: MMSG-15948]
Action.c(6): Notify: Transaction "login" started.	[MsgId: MMSG-16999]
Action.c(8): Rendezvous login	[MsgId: MMSG-17988]
Action.c(9): Connection to 127.0.0.1:1080 closed after being inactive for 153 seconds, exceeding the "HTTP Keep-Alive timeout" Run-Time Setting (60 seconds). URL="http://127.0.0.1:1080/WebTours/login.pl"  	[MsgId: MMSG-27654]
Action.c(9): Detected non-resource "http://127.0.0.1:1080/WebTours/nav.pl?page=menu&in=home" in "http://127.0.0.1:1080/WebTours/login.pl"  	[MsgId: MMSG-26574]
Action.c(9): Detected non-resource "http://127.0.0.1:1080/WebTours/login.pl?intro=true" in "http://127.0.0.1:1080/WebTours/login.pl"  	[MsgId: MMSG-26574]
Action.c(9): Error -27796: Failed to connect to server "127.0.0.1:1080": [10061] Connection refused  	[MsgId: MERR-27796]
End auto log messages stack.	[MsgId: MMSG-10544]


Start auto log messages stack - Iteration 1.	[MsgId: MMSG-10545]
Starting action Action.	[MsgId: MMSG-15919]
Action.c(4): lr_think_time: 14.00 seconds.	[MsgId: MMSG-15948]
Action.c(6): Notify: Transaction "login" started.	[MsgId: MMSG-16999]
Action.c(8): Rendezvous login	[MsgId: MMSG-17988]
Action.c(9): Connection to 127.0.0.1:1080 closed after being inactive for 161 seconds, exceeding the "HTTP Keep-Alive timeout" Run-Time Setting (60 seconds). URL="http://127.0.0.1:1080/WebTours/login.pl"  	[MsgId: MMSG-27654]
Action.c(9): Detected non-resource "http://127.0.0.1:1080/WebTours/nav.pl?page=menu&in=home" in "http://127.0.0.1:1080/WebTours/login.pl"  	[MsgId: MMSG-26574]
Action.c(9): Detected non-resource "http://127.0.0.1:1080/WebTours/login.pl?intro=true" in "http://127.0.0.1:1080/WebTours/login.pl"  	[MsgId: MMSG-26574]
Action.c(9): Error -27796: Failed to connect to server "127.0.0.1:1080": [10061] Connection refused  	[MsgId: MERR-27796]
End auto log messages stack.	[MsgId: MMSG-10544]


Start auto log messages stack - Iteration 1.	[MsgId: MMSG-10545]
Starting action Action.	[MsgId: MMSG-15919]
Action.c(4): lr_think_time: 14.00 seconds.	[MsgId: MMSG-15948]
Action.c(6): Notify: Transaction "login" started.	[MsgId: MMSG-16999]
Action.c(8): Rendezvous login	[MsgId: MMSG-17988]
Action.c(9): Connection to 127.0.0.1:1080 closed after being inactive for 166 seconds, exceeding the "HTTP Keep-Alive timeout" Run-Time Setting (60 seconds). URL="http://127.0.0.1:1080/WebTours/login.pl"  	[MsgId: MMSG-27654]
Action.c(9): Detected non-resource "http://127.0.0.1:1080/WebTours/nav.pl?page=menu&in=home" in "http://127.0.0.1:1080/WebTours/login.pl"  	[MsgId: MMSG-26574]
Action.c(9): Detected non-resource "http://127.0.0.1:1080/WebTours/login.pl?intro=true" in "http://127.0.0.1:1080/WebTours/login.pl"  	[MsgId: MMSG-26574]
Action.c(9): Error -27796: Failed to connect to server "127.0.0.1:1080": [10061] Connection refused  	[MsgId: MERR-27796]
End auto log messages stack.	[MsgId: MMSG-10544]


Start auto log messages stack - Iteration 1.	[MsgId: MMSG-10545]
Action2.c(42): Warning -26000: Empty or no response for URL="http://127.0.0.1:1080/WebTours/images/bookanother.gif"  	[MsgId: MWAR-26000]
Action2.c(42): web_submit_form("reservations.pl_3") highest severity level was "warning", 2418 body bytes, 408 header bytes  	[MsgId: MMSG-26388]
Ending action Action2.	[MsgId: MMSG-15918]
Starting action Action3.	[MsgId: MMSG-15919]
Action3.c(4): lr_think_time: 12.00 seconds.	[MsgId: MMSG-15948]
Action3.c(6): Detected non-resource "http://127.0.0.1:1080/WebTours/nav.pl?page=menu&in=itinerary" in "http://127.0.0.1:1080/WebTours/welcome.pl?page=itinerary"  	[MsgId: MMSG-26574]
Action3.c(6): Detected non-resource "http://127.0.0.1:1080/WebTours/itinerary.pl" in "http://127.0.0.1:1080/WebTours/welcome.pl?page=itinerary"  	[MsgId: MMSG-26574]
Action3.c(6): Error -27796: Failed to connect to server "127.0.0.1:1080": [10061] Connection refused  	[MsgId: MERR-27796]
End auto log messages stack.	[MsgId: MMSG-10544]


Start auto log messages stack - Iteration 1.	[MsgId: MMSG-10545]
Action2.c(42): Warning -26000: Empty or no response for URL="http://127.0.0.1:1080/WebTours/images/bookanother.gif"  	[MsgId: MWAR-26000]
Action2.c(42): web_submit_form("reservations.pl_3") highest severity level was "warning", 2418 body bytes, 408 header bytes  	[MsgId: MMSG-26388]
Ending action Action2.	[MsgId: MMSG-15918]
Starting action Action3.	[MsgId: MMSG-15919]
Action3.c(4): lr_think_time: 12.00 seconds.	[MsgId: MMSG-15948]
Action3.c(6): Detected non-resource "http://127.0.0.1:1080/WebTours/nav.pl?page=menu&in=itinerary" in "http://127.0.0.1:1080/WebTours/welcome.pl?page=itinerary"  	[MsgId: MMSG-26574]
Action3.c(6): Detected non-resource "http://127.0.0.1:1080/WebTours/itinerary.pl" in "http://127.0.0.1:1080/WebTours/welcome.pl?page=itinerary"  	[MsgId: MMSG-26574]
Action3.c(6): Error -27796: Failed to connect to server "127.0.0.1:1080": [10061] Connection refused  	[MsgId: MERR-27796]
End auto log messages stack.	[MsgId: MMSG-10544]


Start auto log messages stack - Iteration 1.	[MsgId: MMSG-10545]
Action2.c(42): Warning -26000: Empty or no response for URL="http://127.0.0.1:1080/WebTours/images/bookanother.gif"  	[MsgId: MWAR-26000]
Action2.c(42): web_submit_form("reservations.pl_3") highest severity level was "warning", 2418 body bytes, 408 header bytes  	[MsgId: MMSG-26388]
Ending action Action2.	[MsgId: MMSG-15918]
Starting action Action3.	[MsgId: MMSG-15919]
Action3.c(4): lr_think_time: 12.00 seconds.	[MsgId: MMSG-15948]
Action3.c(6): Detected non-resource "http://127.0.0.1:1080/WebTours/nav.pl?page=menu&in=itinerary" in "http://127.0.0.1:1080/WebTours/welcome.pl?page=itinerary"  	[MsgId: MMSG-26574]
Action3.c(6): Detected non-resource "http://127.0.0.1:1080/WebTours/itinerary.pl" in "http://127.0.0.1:1080/WebTours/welcome.pl?page=itinerary"  	[MsgId: MMSG-26574]
Action3.c(6): Error -27796: Failed to connect to server "127.0.0.1:1080": [10061] Connection refused  	[MsgId: MERR-27796]
End auto log messages stack.	[MsgId: MMSG-10544]


Start auto log messages stack - Iteration 2.	[MsgId: MMSG-10545]
Start auto log messages stack - Iteration 2.	[MsgId: MMSG-10545]
Starting action Action.	[MsgId: MMSG-15919]
Action.c(4): lr_think_time: 14.00 seconds.	[MsgId: MMSG-15948]
Action.c(6): Notify: Transaction "login" started.	[MsgId: MMSG-16999]
Action.c(8): Rendezvous login	[MsgId: MMSG-17988]
Action.c(9): Error -27796: Failed to connect to server "127.0.0.1:1080": [10061] Connection refused  	[MsgId: MERR-27796]
End auto log messages stack.	[MsgId: MMSG-10544]


Start auto log messages stack - Iteration 2.	[MsgId: MMSG-10545]
Start auto log messages stack - Iteration 2.	[MsgId: MMSG-10545]
Starting action Action.	[MsgId: MMSG-15919]
Action.c(4): lr_think_time: 14.00 seconds.	[MsgId: MMSG-15948]
Action.c(6): Notify: Transaction "login" started.	[MsgId: MMSG-16999]
Action.c(8): Rendezvous login	[MsgId: MMSG-17988]
Action.c(9): Error -27796: Failed to connect to server "127.0.0.1:1080": [10061] Connection refused  	[MsgId: MERR-27796]
End auto log messages stack.	[MsgId: MMSG-10544]


Start auto log messages stack - Iteration 2.	[MsgId: MMSG-10545]
Start auto log messages stack - Iteration 2.	[MsgId: MMSG-10545]
Start auto log messages stack - Iteration 2.	[MsgId: MMSG-10545]
Start auto log messages stack - Iteration 2.	[MsgId: MMSG-10545]
Start auto log messages stack - Iteration 2.	[MsgId: MMSG-10545]
Start auto log messages stack - Iteration 2.	[MsgId: MMSG-10545]
Start auto log messages stack - Iteration 2.	[MsgId: MMSG-10545]
Start auto log messages stack - Iteration 2.	[MsgId: MMSG-10545]
Start auto log messages stack - Iteration 2.	[MsgId: MMSG-10545]
Start auto log messages stack - Iteration 2.	[MsgId: MMSG-10545]
Starting action Action.	[MsgId: MMSG-15919]
Action.c(4): lr_think_time: 14.00 seconds.	[MsgId: MMSG-15948]
Action.c(6): Notify: Transaction "login" started.	[MsgId: MMSG-16999]
Action.c(8): Rendezvous login	[MsgId: MMSG-17988]
Action.c(9): Error -27796: Failed to connect to server "127.0.0.1:1080": [10061] Connection refused  	[MsgId: MERR-27796]
End auto log messages stack.	[MsgId: MMSG-10544]


Start auto log messages stack - Iteration 2.	[MsgId: MMSG-10545]
Start auto log messages stack - Iteration 2.	[MsgId: MMSG-10545]
Start auto log messages stack - Iteration 2.	[MsgId: MMSG-10545]
Start auto log messages stack - Iteration 2.	[MsgId: MMSG-10545]
Start auto log messages stack - Iteration 2.	[MsgId: MMSG-10545]
Start auto log messages stack - Iteration 2.	[MsgId: MMSG-10545]
Start auto log messages stack - Iteration 2.	[MsgId: MMSG-10545]
Start auto log messages stack - Iteration 2.	[MsgId: MMSG-10545]
Start auto log messages stack - Iteration 2.	[MsgId: MMSG-10545]
Start auto log messages stack - Iteration 2.	[MsgId: MMSG-10545]
Start auto log messages stack - Iteration 2.	[MsgId: MMSG-10545]
Start auto log messages stack - Iteration 2.	[MsgId: MMSG-10545]
Start auto log messages stack - Iteration 2.	[MsgId: MMSG-10545]
Start auto log messages stack - Iteration 2.	[MsgId: MMSG-10545]
Starting action Action.	[MsgId: MMSG-15919]
Action.c(4): lr_think_time: 14.00 seconds.	[MsgId: MMSG-15948]
Action.c(6): Notify: Transaction "login" started.	[MsgId: MMSG-16999]
Action.c(8): Rendezvous login	[MsgId: MMSG-17988]
Action.c(9): Error -27796: Failed to connect to server "127.0.0.1:1080": [10061] Connection refused  	[MsgId: MERR-27796]
End auto log messages stack.	[MsgId: MMSG-10544]


Start auto log messages stack - Iteration 2.	[MsgId: MMSG-10545]
Start auto log messages stack - Iteration 2.	[MsgId: MMSG-10545]
Start auto log messages stack - Iteration 2.	[MsgId: MMSG-10545]
Start auto log messages stack - Iteration 2.	[MsgId: MMSG-10545]
Start auto log messages stack - Iteration 2.	[MsgId: MMSG-10545]
Start auto log messages stack - Iteration 2.	[MsgId: MMSG-10545]
Start auto log messages stack - Iteration 2.	[MsgId: MMSG-10545]
Start auto log messages stack - Iteration 2.	[MsgId: MMSG-10545]
Start auto log messages stack - Iteration 2.	[MsgId: MMSG-10545]
Start auto log messages stack - Iteration 2.	[MsgId: MMSG-10545]
Start auto log messages stack - Iteration 2.	[MsgId: MMSG-10545]
Start auto log messages stack - Iteration 2.	[MsgId: MMSG-10545]
Start auto log messages stack - Iteration 2.	[MsgId: MMSG-10545]
Start auto log messages stack - Iteration 2.	[MsgId: MMSG-10545]
Start auto log messages stack - Iteration 2.	[MsgId: MMSG-10545]
Start auto log messages stack - Iteration 2.	[MsgId: MMSG-10545]
Start auto log messages stack - Iteration 2.	[MsgId: MMSG-10545]
Starting action Action.	[MsgId: MMSG-15919]
Action.c(4): lr_think_time: 14.00 seconds.	[MsgId: MMSG-15948]
Action.c(6): Notify: Transaction "login" started.	[MsgId: MMSG-16999]
Action.c(8): Rendezvous login	[MsgId: MMSG-17988]
Action.c(9): Error -27796: Failed to connect to server "127.0.0.1:1080": [10061] Connection refused  	[MsgId: MERR-27796]
End auto log messages stack.	[MsgId: MMSG-10544]


Start auto log messages stack - Iteration 2.	[MsgId: MMSG-10545]
Starting action Action.	[MsgId: MMSG-15919]
Action.c(4): lr_think_time: 14.00 seconds.	[MsgId: MMSG-15948]
Action.c(6): Notify: Transaction "login" started.	[MsgId: MMSG-16999]
Action.c(8): Rendezvous login	[MsgId: MMSG-17988]
Action.c(9): Error -27796: Failed to connect to server "127.0.0.1:1080": [10061] Connection refused  	[MsgId: MERR-27796]
End auto log messages stack.	[MsgId: MMSG-10544]


Start auto log messages stack - Iteration 2.	[MsgId: MMSG-10545]
Start auto log messages stack - Iteration 2.	[MsgId: MMSG-10545]
Start auto log messages stack - Iteration 2.	[MsgId: MMSG-10545]
Starting action Action.	[MsgId: MMSG-15919]
Action.c(4): lr_think_time: 14.00 seconds.	[MsgId: MMSG-15948]
Action.c(6): Notify: Transaction "login" started.	[MsgId: MMSG-16999]
Action.c(8): Rendezvous login	[MsgId: MMSG-17988]
Action.c(9): Error -27796: Failed to connect to server "127.0.0.1:1080": [10061] Connection refused  	[MsgId: MERR-27796]
End auto log messages stack.	[MsgId: MMSG-10544]


Starting action Action.	[MsgId: MMSG-15919]
Action.c(4): lr_think_time: 14.00 seconds.	[MsgId: MMSG-15948]
Action.c(6): Notify: Transaction "login" started.	[MsgId: MMSG-16999]
Action.c(8): Rendezvous login	[MsgId: MMSG-17988]
Action.c(9): Error -27796: Failed to connect to server "127.0.0.1:1080": [10061] Connection refused  	[MsgId: MERR-27796]
End auto log messages stack.	[MsgId: MMSG-10544]


Starting action Action.	[MsgId: MMSG-15919]
Action.c(4): lr_think_time: 14.00 seconds.	[MsgId: MMSG-15948]
Action.c(6): Notify: Transaction "login" started.	[MsgId: MMSG-16999]
Action.c(8): Rendezvous login	[MsgId: MMSG-17988]
Action.c(9): Error -27796: Failed to connect to server "127.0.0.1:1080": [10061] Connection refused  	[MsgId: MERR-27796]
End auto log messages stack.	[MsgId: MMSG-10544]


Starting action Action.	[MsgId: MMSG-15919]
Action.c(4): lr_think_time: 14.00 seconds.	[MsgId: MMSG-15948]
Action.c(6): Notify: Transaction "login" started.	[MsgId: MMSG-16999]
Action.c(8): Rendezvous login	[MsgId: MMSG-17988]
Action.c(9): Error -27796: Failed to connect to server "127.0.0.1:1080": [10061] Connection refused  	[MsgId: MERR-27796]
End auto log messages stack.	[MsgId: MMSG-10544]


Starting action Action.	[MsgId: MMSG-15919]
Action.c(4): lr_think_time: 14.00 seconds.	[MsgId: MMSG-15948]
Action.c(6): Notify: Transaction "login" started.	[MsgId: MMSG-16999]
Action.c(8): Rendezvous login	[MsgId: MMSG-17988]
Action.c(9): Error -27796: Failed to connect to server "127.0.0.1:1080": [10061] Connection refused  	[MsgId: MERR-27796]
End auto log messages stack.	[MsgId: MMSG-10544]


Starting action Action.	[MsgId: MMSG-15919]
Action.c(4): lr_think_time: 14.00 seconds.	[MsgId: MMSG-15948]
Action.c(6): Notify: Transaction "login" started.	[MsgId: MMSG-16999]
Action.c(8): Rendezvous login	[MsgId: MMSG-17988]
Action.c(9): Error -27796: Failed to connect to server "127.0.0.1:1080": [10061] Connection refused  	[MsgId: MERR-27796]
End auto log messages stack.	[MsgId: MMSG-10544]


Starting action Action.	[MsgId: MMSG-15919]
Action.c(4): lr_think_time: 14.00 seconds.	[MsgId: MMSG-15948]
Action.c(6): Notify: Transaction "login" started.	[MsgId: MMSG-16999]
Action.c(8): Rendezvous login	[MsgId: MMSG-17988]
Action.c(9): Error -27796: Failed to connect to server "127.0.0.1:1080": [10061] Connection refused  	[MsgId: MERR-27796]
End auto log messages stack.	[MsgId: MMSG-10544]


Starting action Action.	[MsgId: MMSG-15919]
Action.c(4): lr_think_time: 14.00 seconds.	[MsgId: MMSG-15948]
Action.c(6): Notify: Transaction "login" started.	[MsgId: MMSG-16999]
Action.c(8): Rendezvous login	[MsgId: MMSG-17988]
Action.c(9): Error -27796: Failed to connect to server "127.0.0.1:1080": [10061] Connection refused  	[MsgId: MERR-27796]
End auto log messages stack.	[MsgId: MMSG-10544]


Starting action Action.	[MsgId: MMSG-15919]
Action.c(4): lr_think_time: 14.00 seconds.	[MsgId: MMSG-15948]
Action.c(6): Notify: Transaction "login" started.	[MsgId: MMSG-16999]
Action.c(8): Rendezvous login	[MsgId: MMSG-17988]
Action.c(9): Error -27796: Failed to connect to server "127.0.0.1:1080": [10061] Connection refused  	[MsgId: MERR-27796]
End auto log messages stack.	[MsgId: MMSG-10544]


Starting action Action.	[MsgId: MMSG-15919]
Action.c(4): lr_think_time: 14.00 seconds.	[MsgId: MMSG-15948]
Action.c(6): Notify: Transaction "login" started.	[MsgId: MMSG-16999]
Action.c(8): Rendezvous login	[MsgId: MMSG-17988]
Action.c(9): Error -27796: Failed to connect to server "127.0.0.1:1080": [10061] Connection refused  	[MsgId: MERR-27796]
End auto log messages stack.	[MsgId: MMSG-10544]


Starting action Action.	[MsgId: MMSG-15919]
Action.c(4): lr_think_time: 14.00 seconds.	[MsgId: MMSG-15948]
Action.c(6): Notify: Transaction "login" started.	[MsgId: MMSG-16999]
Action.c(8): Rendezvous login	[MsgId: MMSG-17988]
Action.c(9): Error -27796: Failed to connect to server "127.0.0.1:1080": [10061] Connection refused  	[MsgId: MERR-27796]
End auto log messages stack.	[MsgId: MMSG-10544]


Starting action Action.	[MsgId: MMSG-15919]
Action.c(4): lr_think_time: 14.00 seconds.	[MsgId: MMSG-15948]
Action.c(6): Notify: Transaction "login" started.	[MsgId: MMSG-16999]
Action.c(8): Rendezvous login	[MsgId: MMSG-17988]
Action.c(9): Error -27796: Failed to connect to server "127.0.0.1:1080": [10061] Connection refused  	[MsgId: MERR-27796]
End auto log messages stack.	[MsgId: MMSG-10544]


Starting action Action.	[MsgId: MMSG-15919]
Action.c(4): lr_think_time: 14.00 seconds.	[MsgId: MMSG-15948]
Action.c(6): Notify: Transaction "login" started.	[MsgId: MMSG-16999]
Action.c(8): Rendezvous login	[MsgId: MMSG-17988]
Action.c(9): Error -27796: Failed to connect to server "127.0.0.1:1080": [10061] Connection refused  	[MsgId: MERR-27796]
End auto log messages stack.	[MsgId: MMSG-10544]


Starting action Action.	[MsgId: MMSG-15919]
Action.c(4): lr_think_time: 14.00 seconds.	[MsgId: MMSG-15948]
Action.c(6): Notify: Transaction "login" started.	[MsgId: MMSG-16999]
Action.c(8): Rendezvous login	[MsgId: MMSG-17988]
Action.c(9): Error -27796: Failed to connect to server "127.0.0.1:1080": [10061] Connection refused  	[MsgId: MERR-27796]
End auto log messages stack.	[MsgId: MMSG-10544]


Starting action Action.	[MsgId: MMSG-15919]
Action.c(4): lr_think_time: 14.00 seconds.	[MsgId: MMSG-15948]
Action.c(6): Notify: Transaction "login" started.	[MsgId: MMSG-16999]
Action.c(8): Rendezvous login	[MsgId: MMSG-17988]
Action.c(9): Error -27796: Failed to connect to server "127.0.0.1:1080": [10061] Connection refused  	[MsgId: MERR-27796]
End auto log messages stack.	[MsgId: MMSG-10544]


Starting action Action.	[MsgId: MMSG-15919]
Action.c(4): lr_think_time: 14.00 seconds.	[MsgId: MMSG-15948]
Action.c(6): Notify: Transaction "login" started.	[MsgId: MMSG-16999]
Action.c(8): Rendezvous login	[MsgId: MMSG-17988]
Action.c(9): Error -27796: Failed to connect to server "127.0.0.1:1080": [10061] Connection refused  	[MsgId: MERR-27796]
End auto log messages stack.	[MsgId: MMSG-10544]


Starting action Action.	[MsgId: MMSG-15919]
Action.c(4): lr_think_time: 14.00 seconds.	[MsgId: MMSG-15948]
Action.c(6): Notify: Transaction "login" started.	[MsgId: MMSG-16999]
Action.c(8): Rendezvous login	[MsgId: MMSG-17988]
Action.c(9): Error -27796: Failed to connect to server "127.0.0.1:1080": [10061] Connection refused  	[MsgId: MERR-27796]
End auto log messages stack.	[MsgId: MMSG-10544]


Starting action Action.	[MsgId: MMSG-15919]
Action.c(4): lr_think_time: 14.00 seconds.	[MsgId: MMSG-15948]
Action.c(6): Notify: Transaction "login" started.	[MsgId: MMSG-16999]
Action.c(8): Rendezvous login	[MsgId: MMSG-17988]
Action.c(9): Error -27796: Failed to connect to server "127.0.0.1:1080": [10061] Connection refused  	[MsgId: MERR-27796]
End auto log messages stack.	[MsgId: MMSG-10544]


Starting action Action.	[MsgId: MMSG-15919]
Action.c(4): lr_think_time: 14.00 seconds.	[MsgId: MMSG-15948]
Action.c(6): Notify: Transaction "login" started.	[MsgId: MMSG-16999]
Action.c(8): Rendezvous login	[MsgId: MMSG-17988]
Action.c(9): Error -27796: Failed to connect to server "127.0.0.1:1080": [10061] Connection refused  	[MsgId: MERR-27796]
End auto log messages stack.	[MsgId: MMSG-10544]


Starting action Action.	[MsgId: MMSG-15919]
Action.c(4): lr_think_time: 14.00 seconds.	[MsgId: MMSG-15948]
Action.c(6): Notify: Transaction "login" started.	[MsgId: MMSG-16999]
Action.c(8): Rendezvous login	[MsgId: MMSG-17988]
Action.c(9): Error -27796: Failed to connect to server "127.0.0.1:1080": [10061] Connection refused  	[MsgId: MERR-27796]
End auto log messages stack.	[MsgId: MMSG-10544]


Starting action Action.	[MsgId: MMSG-15919]
Action.c(4): lr_think_time: 14.00 seconds.	[MsgId: MMSG-15948]
Action.c(6): Notify: Transaction "login" started.	[MsgId: MMSG-16999]
Action.c(8): Rendezvous login	[MsgId: MMSG-17988]
Action.c(9): Error -27796: Failed to connect to server "127.0.0.1:1080": [10061] Connection refused  	[MsgId: MERR-27796]
End auto log messages stack.	[MsgId: MMSG-10544]


Starting action Action.	[MsgId: MMSG-15919]
Action.c(4): lr_think_time: 14.00 seconds.	[MsgId: MMSG-15948]
Action.c(6): Notify: Transaction "login" started.	[MsgId: MMSG-16999]
Action.c(8): Rendezvous login	[MsgId: MMSG-17988]
Action.c(9): Error -27796: Failed to connect to server "127.0.0.1:1080": [10061] Connection refused  	[MsgId: MERR-27796]
End auto log messages stack.	[MsgId: MMSG-10544]


Starting action Action.	[MsgId: MMSG-15919]
Action.c(4): lr_think_time: 14.00 seconds.	[MsgId: MMSG-15948]
Action.c(6): Notify: Transaction "login" started.	[MsgId: MMSG-16999]
Action.c(8): Rendezvous login	[MsgId: MMSG-17988]
Action.c(9): Error -27796: Failed to connect to server "127.0.0.1:1080": [10061] Connection refused  	[MsgId: MERR-27796]
End auto log messages stack.	[MsgId: MMSG-10544]


Starting action Action.	[MsgId: MMSG-15919]
Action.c(4): lr_think_time: 14.00 seconds.	[MsgId: MMSG-15948]
Action.c(6): Notify: Transaction "login" started.	[MsgId: MMSG-16999]
Action.c(8): Rendezvous login	[MsgId: MMSG-17988]
Action.c(9): Error -27796: Failed to connect to server "127.0.0.1:1080": [10061] Connection refused  	[MsgId: MERR-27796]
End auto log messages stack.	[MsgId: MMSG-10544]


Starting action Action.	[MsgId: MMSG-15919]
Action.c(4): lr_think_time: 14.00 seconds.	[MsgId: MMSG-15948]
Action.c(6): Notify: Transaction "login" started.	[MsgId: MMSG-16999]
Action.c(8): Rendezvous login	[MsgId: MMSG-17988]
Action.c(9): Error -27796: Failed to connect to server "127.0.0.1:1080": [10061] Connection refused  	[MsgId: MERR-27796]
End auto log messages stack.	[MsgId: MMSG-10544]


Starting action Action.	[MsgId: MMSG-15919]
Action.c(4): lr_think_time: 14.00 seconds.	[MsgId: MMSG-15948]
Action.c(6): Notify: Transaction "login" started.	[MsgId: MMSG-16999]
Action.c(8): Rendezvous login	[MsgId: MMSG-17988]
Action.c(9): Error -27796: Failed to connect to server "127.0.0.1:1080": [10061] Connection refused  	[MsgId: MERR-27796]
End auto log messages stack.	[MsgId: MMSG-10544]


Starting action Action.	[MsgId: MMSG-15919]
Action.c(4): lr_think_time: 14.00 seconds.	[MsgId: MMSG-15948]
Action.c(6): Notify: Transaction "login" started.	[MsgId: MMSG-16999]
Action.c(8): Rendezvous login	[MsgId: MMSG-17988]
Action.c(9): Error -27796: Failed to connect to server "127.0.0.1:1080": [10061] Connection refused  	[MsgId: MERR-27796]
End auto log messages stack.	[MsgId: MMSG-10544]


Starting action Action.	[MsgId: MMSG-15919]
Action.c(4): lr_think_time: 14.00 seconds.	[MsgId: MMSG-15948]
Action.c(6): Notify: Transaction "login" started.	[MsgId: MMSG-16999]
Action.c(8): Rendezvous login	[MsgId: MMSG-17988]
Action.c(9): Error -27796: Failed to connect to server "127.0.0.1:1080": [10061] Connection refused  	[MsgId: MERR-27796]
End auto log messages stack.	[MsgId: MMSG-10544]


Starting action Action.	[MsgId: MMSG-15919]
Action.c(4): lr_think_time: 14.00 seconds.	[MsgId: MMSG-15948]
Action.c(6): Notify: Transaction "login" started.	[MsgId: MMSG-16999]
Action.c(8): Rendezvous login	[MsgId: MMSG-17988]
Action.c(9): Error -27796: Failed to connect to server "127.0.0.1:1080": [10061] Connection refused  	[MsgId: MERR-27796]
End auto log messages stack.	[MsgId: MMSG-10544]


Starting action Action.	[MsgId: MMSG-15919]
Action.c(4): lr_think_time: 14.00 seconds.	[MsgId: MMSG-15948]
Action.c(6): Notify: Transaction "login" started.	[MsgId: MMSG-16999]
Action.c(8): Rendezvous login	[MsgId: MMSG-17988]
Action.c(9): Error -27796: Failed to connect to server "127.0.0.1:1080": [10061] Connection refused  	[MsgId: MERR-27796]
End auto log messages stack.	[MsgId: MMSG-10544]


Starting action Action.	[MsgId: MMSG-15919]
Action.c(4): lr_think_time: 14.00 seconds.	[MsgId: MMSG-15948]
Action.c(6): Notify: Transaction "login" started.	[MsgId: MMSG-16999]
Action.c(8): Rendezvous login	[MsgId: MMSG-17988]
Action.c(9): Error -27796: Failed to connect to server "127.0.0.1:1080": [10061] Connection refused  	[MsgId: MERR-27796]
End auto log messages stack.	[MsgId: MMSG-10544]


Starting action Action.	[MsgId: MMSG-15919]
Action.c(4): lr_think_time: 14.00 seconds.	[MsgId: MMSG-15948]
Action.c(6): Notify: Transaction "login" started.	[MsgId: MMSG-16999]
Action.c(8): Rendezvous login	[MsgId: MMSG-17988]
Action.c(9): Error -27796: Failed to connect to server "127.0.0.1:1080": [10061] Connection refused  	[MsgId: MERR-27796]
End auto log messages stack.	[MsgId: MMSG-10544]


Starting action Action.	[MsgId: MMSG-15919]
Action.c(4): lr_think_time: 14.00 seconds.	[MsgId: MMSG-15948]
Action.c(6): Notify: Transaction "login" started.	[MsgId: MMSG-16999]
Action.c(8): Rendezvous login	[MsgId: MMSG-17988]
Action.c(9): Error -27796: Failed to connect to server "127.0.0.1:1080": [10061] Connection refused  	[MsgId: MERR-27796]
End auto log messages stack.	[MsgId: MMSG-10544]


Starting action Action.	[MsgId: MMSG-15919]
Action.c(4): lr_think_time: 14.00 seconds.	[MsgId: MMSG-15948]
Action.c(6): Notify: Transaction "login" started.	[MsgId: MMSG-16999]
Action.c(8): Rendezvous login	[MsgId: MMSG-17988]
Action.c(9): Error -27796: Failed to connect to server "127.0.0.1:1080": [10061] Connection refused  	[MsgId: MERR-27796]
End auto log messages stack.	[MsgId: MMSG-10544]


Starting action Action.	[MsgId: MMSG-15919]
Action.c(4): lr_think_time: 14.00 seconds.	[MsgId: MMSG-15948]
Action.c(6): Notify: Transaction "login" started.	[MsgId: MMSG-16999]
Action.c(8): Rendezvous login	[MsgId: MMSG-17988]
Action.c(9): Error -27796: Failed to connect to server "127.0.0.1:1080": [10061] Connection refused  	[MsgId: MERR-27796]
End auto log messages stack.	[MsgId: MMSG-10544]


Starting action Action.	[MsgId: MMSG-15919]
Action.c(4): lr_think_time: 14.00 seconds.	[MsgId: MMSG-15948]
Action.c(6): Notify: Transaction "login" started.	[MsgId: MMSG-16999]
Action.c(8): Rendezvous login	[MsgId: MMSG-17988]
Action.c(9): Error -27796: Failed to connect to server "127.0.0.1:1080": [10061] Connection refused  	[MsgId: MERR-27796]
End auto log messages stack.	[MsgId: MMSG-10544]


Starting action Action.	[MsgId: MMSG-15919]
Action.c(4): lr_think_time: 14.00 seconds.	[MsgId: MMSG-15948]
Action.c(6): Notify: Transaction "login" started.	[MsgId: MMSG-16999]
Action.c(8): Rendezvous login	[MsgId: MMSG-17988]
Action.c(9): Error -27796: Failed to connect to server "127.0.0.1:1080": [10061] Connection refused  	[MsgId: MERR-27796]
End auto log messages stack.	[MsgId: MMSG-10544]


Starting action Action.	[MsgId: MMSG-15919]
Action.c(4): lr_think_time: 14.00 seconds.	[MsgId: MMSG-15948]
Action.c(6): Notify: Transaction "login" started.	[MsgId: MMSG-16999]
Action.c(8): Rendezvous login	[MsgId: MMSG-17988]
Action.c(9): Error -27796: Failed to connect to server "127.0.0.1:1080": [10061] Connection refused  	[MsgId: MERR-27796]
End auto log messages stack.	[MsgId: MMSG-10544]


Starting action Action.	[MsgId: MMSG-15919]
Action.c(4): lr_think_time: 14.00 seconds.	[MsgId: MMSG-15948]
Action.c(6): Notify: Transaction "login" started.	[MsgId: MMSG-16999]
Action.c(8): Rendezvous login	[MsgId: MMSG-17988]
Action.c(9): Error -27796: Failed to connect to server "127.0.0.1:1080": [10061] Connection refused  	[MsgId: MERR-27796]
End auto log messages stack.	[MsgId: MMSG-10544]


Starting action Action.	[MsgId: MMSG-15919]
Action.c(4): lr_think_time: 14.00 seconds.	[MsgId: MMSG-15948]
Action.c(6): Notify: Transaction "login" started.	[MsgId: MMSG-16999]
Action.c(8): Rendezvous login	[MsgId: MMSG-17988]
Action.c(9): Error -27796: Failed to connect to server "127.0.0.1:1080": [10061] Connection refused  	[MsgId: MERR-27796]
End auto log messages stack.	[MsgId: MMSG-10544]


Starting action Action.	[MsgId: MMSG-15919]
Action.c(4): lr_think_time: 14.00 seconds.	[MsgId: MMSG-15948]
Action.c(6): Notify: Transaction "login" started.	[MsgId: MMSG-16999]
Action.c(8): Rendezvous login	[MsgId: MMSG-17988]
Action.c(9): Error -27796: Failed to connect to server "127.0.0.1:1080": [10061] Connection refused  	[MsgId: MERR-27796]
End auto log messages stack.	[MsgId: MMSG-10544]


Starting action Action.	[MsgId: MMSG-15919]
Action.c(4): lr_think_time: 14.00 seconds.	[MsgId: MMSG-15948]
Action.c(6): Notify: Transaction "login" started.	[MsgId: MMSG-16999]
Action.c(8): Rendezvous login	[MsgId: MMSG-17988]
Action.c(9): Error -27796: Failed to connect to server "127.0.0.1:1080": [10061] Connection refused  	[MsgId: MERR-27796]
End auto log messages stack.	[MsgId: MMSG-10544]


Starting action Action.	[MsgId: MMSG-15919]
Action.c(4): lr_think_time: 14.00 seconds.	[MsgId: MMSG-15948]
Action.c(6): Notify: Transaction "login" started.	[MsgId: MMSG-16999]
Action.c(8): Rendezvous login	[MsgId: MMSG-17988]
Action.c(9): Error -27796: Failed to connect to server "127.0.0.1:1080": [10061] Connection refused  	[MsgId: MERR-27796]
End auto log messages stack.	[MsgId: MMSG-10544]


Start auto log messages stack - Iteration 3.	[MsgId: MMSG-10545]
Starting action Action.	[MsgId: MMSG-15919]
Action.c(4): lr_think_time: 14.00 seconds.	[MsgId: MMSG-15948]
Action.c(6): Notify: Transaction "login" started.	[MsgId: MMSG-16999]
Action.c(8): Rendezvous login	[MsgId: MMSG-17988]
Action.c(9): Error -27791: Server "127.0.0.1" has shut down the connection prematurely  	[MsgId: MERR-27791]
End auto log messages stack.	[MsgId: MMSG-10544]


Start auto log messages stack - Iteration 3.	[MsgId: MMSG-10545]
Starting action Action.	[MsgId: MMSG-15919]
Action.c(4): lr_think_time: 14.00 seconds.	[MsgId: MMSG-15948]
Action.c(6): Notify: Transaction "login" started.	[MsgId: MMSG-16999]
Action.c(8): Rendezvous login	[MsgId: MMSG-17988]
Action.c(9): Error -27791: Server "127.0.0.1" has shut down the connection prematurely  	[MsgId: MERR-27791]
End auto log messages stack.	[MsgId: MMSG-10544]


Start auto log messages stack - Iteration 3.	[MsgId: MMSG-10545]
Starting action Action.	[MsgId: MMSG-15919]
Action.c(4): lr_think_time: 14.00 seconds.	[MsgId: MMSG-15948]
Action.c(6): Notify: Transaction "login" started.	[MsgId: MMSG-16999]
Action.c(8): Rendezvous login	[MsgId: MMSG-17988]
Action.c(9): Error -27791: Server "127.0.0.1" has shut down the connection prematurely  	[MsgId: MERR-27791]
End auto log messages stack.	[MsgId: MMSG-10544]


Start auto log messages stack - Iteration 3.	[MsgId: MMSG-10545]
Starting action Action.	[MsgId: MMSG-15919]
Action.c(4): lr_think_time: 14.00 seconds.	[MsgId: MMSG-15948]
Action.c(6): Notify: Transaction "login" started.	[MsgId: MMSG-16999]
Action.c(8): Rendezvous login	[MsgId: MMSG-17988]
Action.c(9): Error -27791: Server "127.0.0.1" has shut down the connection prematurely  	[MsgId: MERR-27791]
End auto log messages stack.	[MsgId: MMSG-10544]


Start auto log messages stack - Iteration 3.	[MsgId: MMSG-10545]
Starting action Action.	[MsgId: MMSG-15919]
Action.c(4): lr_think_time: 14.00 seconds.	[MsgId: MMSG-15948]
Action.c(6): Notify: Transaction "login" started.	[MsgId: MMSG-16999]
Action.c(8): Rendezvous login	[MsgId: MMSG-17988]
Action.c(9): Error -27791: Server "127.0.0.1" has shut down the connection prematurely  	[MsgId: MERR-27791]
End auto log messages stack.	[MsgId: MMSG-10544]


Start auto log messages stack - Iteration 3.	[MsgId: MMSG-10545]
Starting action Action.	[MsgId: MMSG-15919]
Action.c(4): lr_think_time: 14.00 seconds.	[MsgId: MMSG-15948]
Action.c(6): Notify: Transaction "login" started.	[MsgId: MMSG-16999]
Action.c(8): Rendezvous login	[MsgId: MMSG-17988]
Action.c(9): Error -27791: Server "127.0.0.1" has shut down the connection prematurely  	[MsgId: MERR-27791]
End auto log messages stack.	[MsgId: MMSG-10544]


Start auto log messages stack - Iteration 3.	[MsgId: MMSG-10545]
Starting action Action.	[MsgId: MMSG-15919]
Action.c(4): lr_think_time: 14.00 seconds.	[MsgId: MMSG-15948]
Action.c(6): Notify: Transaction "login" started.	[MsgId: MMSG-16999]
Action.c(8): Rendezvous login	[MsgId: MMSG-17988]
Action.c(9): Error -27791: Server "127.0.0.1" has shut down the connection prematurely  	[MsgId: MERR-27791]
End auto log messages stack.	[MsgId: MMSG-10544]


Start auto log messages stack - Iteration 3.	[MsgId: MMSG-10545]
Starting action Action.	[MsgId: MMSG-15919]
Action.c(4): lr_think_time: 14.00 seconds.	[MsgId: MMSG-15948]
Action.c(6): Notify: Transaction "login" started.	[MsgId: MMSG-16999]
Action.c(8): Rendezvous login	[MsgId: MMSG-17988]
Action.c(9): Error -27791: Server "127.0.0.1" has shut down the connection prematurely  	[MsgId: MERR-27791]
End auto log messages stack.	[MsgId: MMSG-10544]


Error: Two Way Communication Error: Function two_way_comm_post_message / two_way_comm_post_message_ex failed.	[MsgId: MERR-60990]
Error: Failed to deliver a p2p message from parent to child process, reason - communication error.	[MsgId: MERR-29724]
Error: Two Way Communication Error: Function two_way_comm_post_message / two_way_comm_post_message_ex failed.	[MsgId: MERR-60990]
Error: Failed to deliver a p2p message from parent to child process, reason - communication error.	[MsgId: MERR-29724]
Error: Two Way Communication Error: Function two_way_comm_post_message / two_way_comm_post_message_ex failed.	[MsgId: MERR-60990]
Error: Failed to deliver a p2p message from parent to child process, reason - communication error.	[MsgId: MERR-29724]
Error: Two Way Communication Error: Function two_way_comm_post_message / two_way_comm_post_message_ex failed.	[MsgId: MERR-60990]
Error: Failed to deliver a p2p message from parent to child process, reason - communication error.	[MsgId: MERR-29724]
Error: Two Way Communication Error: Function two_way_comm_post_message / two_way_comm_post_message_ex failed.	[MsgId: MERR-60990]
Error: Failed to deliver a p2p message from parent to child process, reason - communication error.	[MsgId: MERR-29724]
Error: Two Way Communication Error: Function two_way_comm_post_message / two_way_comm_post_message_ex failed.	[MsgId: MERR-60990]
Error: Failed to deliver a p2p message from parent to child process, reason - communication error.	[MsgId: MERR-29724]
Error: Two Way Communication Error: Function two_way_comm_post_message / two_way_comm_post_message_ex failed.	[MsgId: MERR-60990]
Error: Failed to deliver a p2p message from parent to child process, reason - communication error.	[MsgId: MERR-29724]
Error: Two Way Communication Error: Function two_way_comm_post_message / two_way_comm_post_message_ex failed.	[MsgId: MERR-60990]
Error: Failed to deliver a p2p message from parent to child process, reason - communication error.	[MsgId: MERR-29724]
Error: Two Way Communication Error: Function two_way_comm_post_message / two_way_comm_post_message_ex failed.	[MsgId: MERR-60990]
Error: Failed to deliver a p2p message from parent to child process, reason - communication error.	[MsgId: MERR-29724]
Error: Two Way Communication Error: Function two_way_comm_post_message / two_way_comm_post_message_ex failed.	[MsgId: MERR-60990]
Error: Failed to deliver a p2p message from parent to child process, reason - communication error.	[MsgId: MERR-29724]
